#! /usr/bin/vvp
:ivl_version "12.0 (stable)";
:ivl_delay_selection "TYPICAL";
:vpi_time_precision + 0;
:vpi_module "/usr/lib/x86_64-linux-gnu/ivl/system.vpi";
:vpi_module "/usr/lib/x86_64-linux-gnu/ivl/vhdl_sys.vpi";
:vpi_module "/usr/lib/x86_64-linux-gnu/ivl/vhdl_textio.vpi";
:vpi_module "/usr/lib/x86_64-linux-gnu/ivl/v2005_math.vpi";
:vpi_module "/usr/lib/x86_64-linux-gnu/ivl/va_math.vpi";
S_0x58bcee059f30 .scope module, "FSM_principal" "FSM_principal" 2 2;
 .timescale 0 0;
    .port_info 0 /INPUT 1 "clk";
    .port_info 1 /INPUT 1 "rst";
    .port_info 2 /INPUT 1 "enable";
    .port_info 3 /INPUT 16 "sen_1";
    .port_info 4 /OUTPUT 1 "relay_1";
    .port_info 5 /INPUT 16 "sen_2";
    .port_info 6 /OUTPUT 1 "relay_2";
    .port_info 7 /INPUT 16 "sen_3";
    .port_info 8 /OUTPUT 1 "relay_3";
o0x70fa69cb7018 .functor BUFZ 1, C4<z>; HiZ drive
v0x58bcee07cec0_0 .net "clk", 0 0, o0x70fa69cb7018;  0 drivers
o0x70fa69cb7048 .functor BUFZ 1, C4<z>; HiZ drive
v0x58bcee07cf80_0 .net "enable", 0 0, o0x70fa69cb7048;  0 drivers
v0x58bcee07d040_0 .net "relay_1", 0 0, v0x58bcee07a7d0_0;  1 drivers
v0x58bcee07d0e0_0 .net "relay_2", 0 0, v0x58bcee07b7f0_0;  1 drivers
v0x58bcee07d180_0 .net "relay_3", 0 0, v0x58bcee07c8f0_0;  1 drivers
o0x70fa69cb7168 .functor BUFZ 1, C4<z>; HiZ drive
v0x58bcee07d220_0 .net "rst", 0 0, o0x70fa69cb7168;  0 drivers
o0x70fa69cb7198 .functor BUFZ 16, C4<zzzzzzzzzzzzzzzz>; HiZ drive
v0x58bcee07d2c0_0 .net "sen_1", 15 0, o0x70fa69cb7198;  0 drivers
o0x70fa69cb7408 .functor BUFZ 16, C4<zzzzzzzzzzzzzzzz>; HiZ drive
v0x58bcee07d390_0 .net "sen_2", 15 0, o0x70fa69cb7408;  0 drivers
o0x70fa69cb7678 .functor BUFZ 16, C4<zzzzzzzzzzzzzzzz>; HiZ drive
v0x58bcee07d460_0 .net "sen_3", 15 0, o0x70fa69cb7678;  0 drivers
S_0x58bcee018490 .scope module, "fsm_sensor_1" "FSM_individual" 2 21, 3 1 0, S_0x58bcee059f30;
 .timescale 0 0;
    .port_info 0 /INPUT 1 "clk";
    .port_info 1 /INPUT 1 "rst";
    .port_info 2 /INPUT 1 "enable";
    .port_info 3 /INPUT 16 "sen";
    .port_info 4 /OUTPUT 1 "relay_out";
P_0x58bcee018670 .param/l "STATE_DEFINITIVE_FAIL" 1 3 16, C4<100>;
P_0x58bcee0186b0 .param/l "STATE_HEAR_SENSOR" 1 3 13, C4<001>;
P_0x58bcee0186f0 .param/l "STATE_IDLE" 1 3 12, C4<000>;
P_0x58bcee018730 .param/l "STATE_OPEN" 1 3 14, C4<010>;
P_0x58bcee018770 .param/l "STATE_WAIT_5S" 1 3 15, C4<011>;
P_0x58bcee0187b0 .param/l "sen_ref" 0 3 2, C4<0000000101011110>;
P_0x58bcee0187f0 .param/l "threshold" 0 3 1, C4<0000000001100100>;
v0x58bcee04d1b0_0 .net "clk", 0 0, o0x70fa69cb7018;  alias, 0 drivers
v0x58bcee04d280_0 .net "enable", 0 0, o0x70fa69cb7048;  alias, 0 drivers
v0x58bcee04a030_0 .var "fail_sen", 0 0;
v0x58bcee04a100_0 .var "fsm_state", 3 0;
v0x58bcee07a6f0_0 .var "next_state", 3 0;
v0x58bcee07a7d0_0 .var "relay_out", 0 0;
v0x58bcee07a890_0 .var "retry_cnt", 1 0;
v0x58bcee07a970_0 .net "rst", 0 0, o0x70fa69cb7168;  alias, 0 drivers
v0x58bcee07aa30_0 .net "sen", 15 0, o0x70fa69cb7198;  alias, 0 drivers
v0x58bcee07ab10_0 .var "sen_diff", 15 0;
v0x58bcee07abf0_0 .var "timer", 8 0;
E_0x58bcee051640 .event posedge, v0x58bcee07a970_0, v0x58bcee04d1b0_0;
E_0x58bcee053310 .event anyedge, v0x58bcee07aa30_0, v0x58bcee07ab10_0;
S_0x58bcee07ad70 .scope module, "fsm_sensor_2" "FSM_individual" 2 30, 3 1 0, S_0x58bcee059f30;
 .timescale 0 0;
    .port_info 0 /INPUT 1 "clk";
    .port_info 1 /INPUT 1 "rst";
    .port_info 2 /INPUT 1 "enable";
    .port_info 3 /INPUT 16 "sen";
    .port_info 4 /OUTPUT 1 "relay_out";
P_0x58bcee07af20 .param/l "STATE_DEFINITIVE_FAIL" 1 3 16, C4<100>;
P_0x58bcee07af60 .param/l "STATE_HEAR_SENSOR" 1 3 13, C4<001>;
P_0x58bcee07afa0 .param/l "STATE_IDLE" 1 3 12, C4<000>;
P_0x58bcee07afe0 .param/l "STATE_OPEN" 1 3 14, C4<010>;
P_0x58bcee07b020 .param/l "STATE_WAIT_5S" 1 3 15, C4<011>;
P_0x58bcee07b060 .param/l "sen_ref" 0 3 2, C4<0000000101011110>;
P_0x58bcee07b0a0 .param/l "threshold" 0 3 1, C4<0000000001100100>;
v0x58bcee07b470_0 .net "clk", 0 0, o0x70fa69cb7018;  alias, 0 drivers
v0x58bcee07b530_0 .net "enable", 0 0, o0x70fa69cb7048;  alias, 0 drivers
v0x58bcee07b5d0_0 .var "fail_sen", 0 0;
v0x58bcee07b670_0 .var "fsm_state", 3 0;
v0x58bcee07b710_0 .var "next_state", 3 0;
v0x58bcee07b7f0_0 .var "relay_out", 0 0;
v0x58bcee07b8b0_0 .var "retry_cnt", 1 0;
v0x58bcee07b990_0 .net "rst", 0 0, o0x70fa69cb7168;  alias, 0 drivers
v0x58bcee07ba30_0 .net "sen", 15 0, o0x70fa69cb7408;  alias, 0 drivers
v0x58bcee07baf0_0 .var "sen_diff", 15 0;
v0x58bcee07bbd0_0 .var "timer", 8 0;
E_0x58bcee052db0 .event anyedge, v0x58bcee07ba30_0, v0x58bcee07baf0_0;
S_0x58bcee07bd80 .scope module, "fsm_sensor_3" "FSM_individual" 2 39, 3 1 0, S_0x58bcee059f30;
 .timescale 0 0;
    .port_info 0 /INPUT 1 "clk";
    .port_info 1 /INPUT 1 "rst";
    .port_info 2 /INPUT 1 "enable";
    .port_info 3 /INPUT 16 "sen";
    .port_info 4 /OUTPUT 1 "relay_out";
P_0x58bcee07bf10 .param/l "STATE_DEFINITIVE_FAIL" 1 3 16, C4<100>;
P_0x58bcee07bf50 .param/l "STATE_HEAR_SENSOR" 1 3 13, C4<001>;
P_0x58bcee07bf90 .param/l "STATE_IDLE" 1 3 12, C4<000>;
P_0x58bcee07bfd0 .param/l "STATE_OPEN" 1 3 14, C4<010>;
P_0x58bcee07c010 .param/l "STATE_WAIT_5S" 1 3 15, C4<011>;
P_0x58bcee07c050 .param/l "sen_ref" 0 3 2, C4<0000000101011110>;
P_0x58bcee07c090 .param/l "threshold" 0 3 1, C4<0000000001100100>;
v0x58bcee07c490_0 .net "clk", 0 0, o0x70fa69cb7018;  alias, 0 drivers
v0x58bcee07c550_0 .net "enable", 0 0, o0x70fa69cb7048;  alias, 0 drivers
v0x58bcee07c660_0 .var "fail_sen", 0 0;
v0x58bcee07c700_0 .var "fsm_state", 3 0;
v0x58bcee07c7c0_0 .var "next_state", 3 0;
v0x58bcee07c8f0_0 .var "relay_out", 0 0;
v0x58bcee07c9b0_0 .var "retry_cnt", 1 0;
v0x58bcee07ca90_0 .net "rst", 0 0, o0x70fa69cb7168;  alias, 0 drivers
v0x58bcee07cb80_0 .net "sen", 15 0, o0x70fa69cb7678;  alias, 0 drivers
v0x58bcee07cc60_0 .var "sen_diff", 15 0;
v0x58bcee07cd40_0 .var "timer", 8 0;
E_0x58bcee03c1d0 .event anyedge, v0x58bcee07cb80_0, v0x58bcee07cc60_0;
    .scope S_0x58bcee018490;
T_0 ;
    %wait E_0x58bcee053310;
    %load/vec4 v0x58bcee07aa30_0;
    %cmpi/u 350, 0, 16;
    %flag_or 5, 4; GT is !LE
    %flag_inv 5;
    %flag_mov 8, 5;
    %jmp/0 T_0.0, 8;
    %load/vec4 v0x58bcee07aa30_0;
    %subi 350, 0, 16;
    %jmp/1 T_0.1, 8;
T_0.0 ; End of true expr.
    %pushi/vec4 350, 0, 16;
    %load/vec4 v0x58bcee07aa30_0;
    %sub;
    %jmp/0 T_0.1, 8;
 ; End of false expr.
    %blend;
T_0.1;
    %store/vec4 v0x58bcee07ab10_0, 0, 16;
    %pushi/vec4 100, 0, 16;
    %load/vec4 v0x58bcee07ab10_0;
    %cmp/u;
    %flag_get/vec4 5;
    %assign/vec4 v0x58bcee04a030_0, 0;
    %jmp T_0;
    .thread T_0, $push;
    .scope S_0x58bcee018490;
T_1 ;
    %wait E_0x58bcee051640;
    %load/vec4 v0x58bcee07a970_0;
    %flag_set/vec4 8;
    %jmp/0xz  T_1.0, 8;
    %pushi/vec4 0, 0, 4;
    %assign/vec4 v0x58bcee04a100_0, 0;
    %pushi/vec4 0, 0, 1;
    %assign/vec4 v0x58bcee07a7d0_0, 0;
    %pushi/vec4 0, 0, 2;
    %assign/vec4 v0x58bcee07a890_0, 0;
    %pushi/vec4 0, 0, 9;
    %assign/vec4 v0x58bcee07abf0_0, 0;
    %jmp T_1.1;
T_1.0 ;
    %load/vec4 v0x58bcee04d280_0;
    %flag_set/vec4 8;
    %jmp/0xz  T_1.2, 8;
    %load/vec4 v0x58bcee07a6f0_0;
    %assign/vec4 v0x58bcee04a100_0, 0;
    %load/vec4 v0x58bcee04a100_0;
    %dup/vec4;
    %pushi/vec4 0, 0, 4;
    %cmp/u;
    %jmp/1 T_1.4, 6;
    %dup/vec4;
    %pushi/vec4 1, 0, 4;
    %cmp/u;
    %jmp/1 T_1.5, 6;
    %dup/vec4;
    %pushi/vec4 2, 0, 4;
    %cmp/u;
    %jmp/1 T_1.6, 6;
    %dup/vec4;
    %pushi/vec4 3, 0, 4;
    %cmp/u;
    %jmp/1 T_1.7, 6;
    %dup/vec4;
    %pushi/vec4 4, 0, 4;
    %cmp/u;
    %jmp/1 T_1.8, 6;
    %pushi/vec4 0, 0, 4;
    %assign/vec4 v0x58bcee07a6f0_0, 0;
    %jmp T_1.10;
T_1.4 ;
    %pushi/vec4 0, 0, 1;
    %assign/vec4 v0x58bcee07a7d0_0, 0;
    %pushi/vec4 0, 0, 2;
    %assign/vec4 v0x58bcee07a890_0, 0;
    %pushi/vec4 0, 0, 9;
    %assign/vec4 v0x58bcee07abf0_0, 0;
    %jmp T_1.10;
T_1.5 ;
    %load/vec4 v0x58bcee04a030_0;
    %flag_set/vec4 8;
    %jmp/0xz  T_1.11, 8;
    %pushi/vec4 2, 0, 4;
    %assign/vec4 v0x58bcee07a6f0_0, 0;
    %jmp T_1.12;
T_1.11 ;
    %pushi/vec4 1, 0, 4;
    %assign/vec4 v0x58bcee07a6f0_0, 0;
T_1.12 ;
    %jmp T_1.10;
T_1.6 ;
    %pushi/vec4 1, 0, 1;
    %assign/vec4 v0x58bcee07a7d0_0, 0;
    %pushi/vec4 3, 0, 4;
    %assign/vec4 v0x58bcee07a6f0_0, 0;
    %jmp T_1.10;
T_1.7 ;
    %load/vec4 v0x58bcee07abf0_0;
    %cmpi/u 312, 0, 9;
    %jmp/0xz  T_1.13, 5;
    %load/vec4 v0x58bcee07abf0_0;
    %addi 1, 0, 9;
    %assign/vec4 v0x58bcee07abf0_0, 0;
    %pushi/vec4 3, 0, 4;
    %assign/vec4 v0x58bcee07a6f0_0, 0;
    %jmp T_1.14;
T_1.13 ;
    %pushi/vec4 0, 0, 9;
    %assign/vec4 v0x58bcee07abf0_0, 0;
    %load/vec4 v0x58bcee07a890_0;
    %pad/u 3;
    %cmpi/e 3, 0, 3;
    %jmp/0xz  T_1.15, 4;
    %pushi/vec4 4, 0, 4;
    %assign/vec4 v0x58bcee07a6f0_0, 0;
    %jmp T_1.16;
T_1.15 ;
    %pushi/vec4 1, 0, 4;
    %assign/vec4 v0x58bcee07a6f0_0, 0;
T_1.16 ;
T_1.14 ;
    %jmp T_1.10;
T_1.8 ;
    %pushi/vec4 1, 0, 1;
    %assign/vec4 v0x58bcee07a7d0_0, 0;
    %pushi/vec4 4, 0, 4;
    %assign/vec4 v0x58bcee07a6f0_0, 0;
    %jmp T_1.10;
T_1.10 ;
    %pop/vec4 1;
T_1.2 ;
T_1.1 ;
    %jmp T_1;
    .thread T_1;
    .scope S_0x58bcee07ad70;
T_2 ;
    %wait E_0x58bcee052db0;
    %load/vec4 v0x58bcee07ba30_0;
    %cmpi/u 350, 0, 16;
    %flag_or 5, 4; GT is !LE
    %flag_inv 5;
    %flag_mov 8, 5;
    %jmp/0 T_2.0, 8;
    %load/vec4 v0x58bcee07ba30_0;
    %subi 350, 0, 16;
    %jmp/1 T_2.1, 8;
T_2.0 ; End of true expr.
    %pushi/vec4 350, 0, 16;
    %load/vec4 v0x58bcee07ba30_0;
    %sub;
    %jmp/0 T_2.1, 8;
 ; End of false expr.
    %blend;
T_2.1;
    %store/vec4 v0x58bcee07baf0_0, 0, 16;
    %pushi/vec4 100, 0, 16;
    %load/vec4 v0x58bcee07baf0_0;
    %cmp/u;
    %flag_get/vec4 5;
    %assign/vec4 v0x58bcee07b5d0_0, 0;
    %jmp T_2;
    .thread T_2, $push;
    .scope S_0x58bcee07ad70;
T_3 ;
    %wait E_0x58bcee051640;
    %load/vec4 v0x58bcee07b990_0;
    %flag_set/vec4 8;
    %jmp/0xz  T_3.0, 8;
    %pushi/vec4 0, 0, 4;
    %assign/vec4 v0x58bcee07b670_0, 0;
    %pushi/vec4 0, 0, 1;
    %assign/vec4 v0x58bcee07b7f0_0, 0;
    %pushi/vec4 0, 0, 2;
    %assign/vec4 v0x58bcee07b8b0_0, 0;
    %pushi/vec4 0, 0, 9;
    %assign/vec4 v0x58bcee07bbd0_0, 0;
    %jmp T_3.1;
T_3.0 ;
    %load/vec4 v0x58bcee07b530_0;
    %flag_set/vec4 8;
    %jmp/0xz  T_3.2, 8;
    %load/vec4 v0x58bcee07b710_0;
    %assign/vec4 v0x58bcee07b670_0, 0;
    %load/vec4 v0x58bcee07b670_0;
    %dup/vec4;
    %pushi/vec4 0, 0, 4;
    %cmp/u;
    %jmp/1 T_3.4, 6;
    %dup/vec4;
    %pushi/vec4 1, 0, 4;
    %cmp/u;
    %jmp/1 T_3.5, 6;
    %dup/vec4;
    %pushi/vec4 2, 0, 4;
    %cmp/u;
    %jmp/1 T_3.6, 6;
    %dup/vec4;
    %pushi/vec4 3, 0, 4;
    %cmp/u;
    %jmp/1 T_3.7, 6;
    %dup/vec4;
    %pushi/vec4 4, 0, 4;
    %cmp/u;
    %jmp/1 T_3.8, 6;
    %pushi/vec4 0, 0, 4;
    %assign/vec4 v0x58bcee07b710_0, 0;
    %jmp T_3.10;
T_3.4 ;
    %pushi/vec4 0, 0, 1;
    %assign/vec4 v0x58bcee07b7f0_0, 0;
    %pushi/vec4 0, 0, 2;
    %assign/vec4 v0x58bcee07b8b0_0, 0;
    %pushi/vec4 0, 0, 9;
    %assign/vec4 v0x58bcee07bbd0_0, 0;
    %jmp T_3.10;
T_3.5 ;
    %load/vec4 v0x58bcee07b5d0_0;
    %flag_set/vec4 8;
    %jmp/0xz  T_3.11, 8;
    %pushi/vec4 2, 0, 4;
    %assign/vec4 v0x58bcee07b710_0, 0;
    %jmp T_3.12;
T_3.11 ;
    %pushi/vec4 1, 0, 4;
    %assign/vec4 v0x58bcee07b710_0, 0;
T_3.12 ;
    %jmp T_3.10;
T_3.6 ;
    %pushi/vec4 1, 0, 1;
    %assign/vec4 v0x58bcee07b7f0_0, 0;
    %pushi/vec4 3, 0, 4;
    %assign/vec4 v0x58bcee07b710_0, 0;
    %jmp T_3.10;
T_3.7 ;
    %load/vec4 v0x58bcee07bbd0_0;
    %cmpi/u 312, 0, 9;
    %jmp/0xz  T_3.13, 5;
    %load/vec4 v0x58bcee07bbd0_0;
    %addi 1, 0, 9;
    %assign/vec4 v0x58bcee07bbd0_0, 0;
    %pushi/vec4 3, 0, 4;
    %assign/vec4 v0x58bcee07b710_0, 0;
    %jmp T_3.14;
T_3.13 ;
    %pushi/vec4 0, 0, 9;
    %assign/vec4 v0x58bcee07bbd0_0, 0;
    %load/vec4 v0x58bcee07b8b0_0;
    %pad/u 3;
    %cmpi/e 3, 0, 3;
    %jmp/0xz  T_3.15, 4;
    %pushi/vec4 4, 0, 4;
    %assign/vec4 v0x58bcee07b710_0, 0;
    %jmp T_3.16;
T_3.15 ;
    %pushi/vec4 1, 0, 4;
    %assign/vec4 v0x58bcee07b710_0, 0;
T_3.16 ;
T_3.14 ;
    %jmp T_3.10;
T_3.8 ;
    %pushi/vec4 1, 0, 1;
    %assign/vec4 v0x58bcee07b7f0_0, 0;
    %pushi/vec4 4, 0, 4;
    %assign/vec4 v0x58bcee07b710_0, 0;
    %jmp T_3.10;
T_3.10 ;
    %pop/vec4 1;
T_3.2 ;
T_3.1 ;
    %jmp T_3;
    .thread T_3;
    .scope S_0x58bcee07bd80;
T_4 ;
    %wait E_0x58bcee03c1d0;
    %load/vec4 v0x58bcee07cb80_0;
    %cmpi/u 350, 0, 16;
    %flag_or 5, 4; GT is !LE
    %flag_inv 5;
    %flag_mov 8, 5;
    %jmp/0 T_4.0, 8;
    %load/vec4 v0x58bcee07cb80_0;
    %subi 350, 0, 16;
    %jmp/1 T_4.1, 8;
T_4.0 ; End of true expr.
    %pushi/vec4 350, 0, 16;
    %load/vec4 v0x58bcee07cb80_0;
    %sub;
    %jmp/0 T_4.1, 8;
 ; End of false expr.
    %blend;
T_4.1;
    %store/vec4 v0x58bcee07cc60_0, 0, 16;
    %pushi/vec4 100, 0, 16;
    %load/vec4 v0x58bcee07cc60_0;
    %cmp/u;
    %flag_get/vec4 5;
    %assign/vec4 v0x58bcee07c660_0, 0;
    %jmp T_4;
    .thread T_4, $push;
    .scope S_0x58bcee07bd80;
T_5 ;
    %wait E_0x58bcee051640;
    %load/vec4 v0x58bcee07ca90_0;
    %flag_set/vec4 8;
    %jmp/0xz  T_5.0, 8;
    %pushi/vec4 0, 0, 4;
    %assign/vec4 v0x58bcee07c700_0, 0;
    %pushi/vec4 0, 0, 1;
    %assign/vec4 v0x58bcee07c8f0_0, 0;
    %pushi/vec4 0, 0, 2;
    %assign/vec4 v0x58bcee07c9b0_0, 0;
    %pushi/vec4 0, 0, 9;
    %assign/vec4 v0x58bcee07cd40_0, 0;
    %jmp T_5.1;
T_5.0 ;
    %load/vec4 v0x58bcee07c550_0;
    %flag_set/vec4 8;
    %jmp/0xz  T_5.2, 8;
    %load/vec4 v0x58bcee07c7c0_0;
    %assign/vec4 v0x58bcee07c700_0, 0;
    %load/vec4 v0x58bcee07c700_0;
    %dup/vec4;
    %pushi/vec4 0, 0, 4;
    %cmp/u;
    %jmp/1 T_5.4, 6;
    %dup/vec4;
    %pushi/vec4 1, 0, 4;
    %cmp/u;
    %jmp/1 T_5.5, 6;
    %dup/vec4;
    %pushi/vec4 2, 0, 4;
    %cmp/u;
    %jmp/1 T_5.6, 6;
    %dup/vec4;
    %pushi/vec4 3, 0, 4;
    %cmp/u;
    %jmp/1 T_5.7, 6;
    %dup/vec4;
    %pushi/vec4 4, 0, 4;
    %cmp/u;
    %jmp/1 T_5.8, 6;
    %pushi/vec4 0, 0, 4;
    %assign/vec4 v0x58bcee07c7c0_0, 0;
    %jmp T_5.10;
T_5.4 ;
    %pushi/vec4 0, 0, 1;
    %assign/vec4 v0x58bcee07c8f0_0, 0;
    %pushi/vec4 0, 0, 2;
    %assign/vec4 v0x58bcee07c9b0_0, 0;
    %pushi/vec4 0, 0, 9;
    %assign/vec4 v0x58bcee07cd40_0, 0;
    %jmp T_5.10;
T_5.5 ;
    %load/vec4 v0x58bcee07c660_0;
    %flag_set/vec4 8;
    %jmp/0xz  T_5.11, 8;
    %pushi/vec4 2, 0, 4;
    %assign/vec4 v0x58bcee07c7c0_0, 0;
    %jmp T_5.12;
T_5.11 ;
    %pushi/vec4 1, 0, 4;
    %assign/vec4 v0x58bcee07c7c0_0, 0;
T_5.12 ;
    %jmp T_5.10;
T_5.6 ;
    %pushi/vec4 1, 0, 1;
    %assign/vec4 v0x58bcee07c8f0_0, 0;
    %pushi/vec4 3, 0, 4;
    %assign/vec4 v0x58bcee07c7c0_0, 0;
    %jmp T_5.10;
T_5.7 ;
    %load/vec4 v0x58bcee07cd40_0;
    %cmpi/u 312, 0, 9;
    %jmp/0xz  T_5.13, 5;
    %load/vec4 v0x58bcee07cd40_0;
    %addi 1, 0, 9;
    %assign/vec4 v0x58bcee07cd40_0, 0;
    %pushi/vec4 3, 0, 4;
    %assign/vec4 v0x58bcee07c7c0_0, 0;
    %jmp T_5.14;
T_5.13 ;
    %pushi/vec4 0, 0, 9;
    %assign/vec4 v0x58bcee07cd40_0, 0;
    %load/vec4 v0x58bcee07c9b0_0;
    %pad/u 3;
    %cmpi/e 3, 0, 3;
    %jmp/0xz  T_5.15, 4;
    %pushi/vec4 4, 0, 4;
    %assign/vec4 v0x58bcee07c7c0_0, 0;
    %jmp T_5.16;
T_5.15 ;
    %pushi/vec4 1, 0, 4;
    %assign/vec4 v0x58bcee07c7c0_0, 0;
T_5.16 ;
T_5.14 ;
    %jmp T_5.10;
T_5.8 ;
    %pushi/vec4 1, 0, 1;
    %assign/vec4 v0x58bcee07c8f0_0, 0;
    %pushi/vec4 4, 0, 4;
    %assign/vec4 v0x58bcee07c7c0_0, 0;
    %jmp T_5.10;
T_5.10 ;
    %pop/vec4 1;
T_5.2 ;
T_5.1 ;
    %jmp T_5;
    .thread T_5;
# The file index is used to find the file name in the following table.
:file_names 4;
    "N/A";
    "<interactive>";
    "FSM_principal.v";
    "./FSM_individual.v";
