#! /usr/bin/vvp
:ivl_version "12.0 (stable)";
:ivl_delay_selection "TYPICAL";
:vpi_time_precision + 0;
:vpi_module "/usr/lib/x86_64-linux-gnu/ivl/system.vpi";
:vpi_module "/usr/lib/x86_64-linux-gnu/ivl/vhdl_sys.vpi";
:vpi_module "/usr/lib/x86_64-linux-gnu/ivl/vhdl_textio.vpi";
:vpi_module "/usr/lib/x86_64-linux-gnu/ivl/v2005_math.vpi";
:vpi_module "/usr/lib/x86_64-linux-gnu/ivl/va_math.vpi";
S_0x643dd7f834c0 .scope module, "FSM_individual" "FSM_individual" 2 1;
 .timescale 0 0;
    .port_info 0 /INPUT 1 "clk_16ms";
    .port_info 1 /INPUT 1 "rst";
    .port_info 2 /INPUT 1 "enable";
    .port_info 3 /INPUT 16 "sen";
    .port_info 4 /OUTPUT 1 "relay_out";
P_0x643dd7f83650 .param/l "STATE_DEFINITIVE_FAIL" 1 2 16, C4<100>;
P_0x643dd7f83690 .param/l "STATE_HEAR_SENSOR" 1 2 13, C4<001>;
P_0x643dd7f836d0 .param/l "STATE_IDLE" 1 2 12, C4<000>;
P_0x643dd7f83710 .param/l "STATE_OPEN" 1 2 14, C4<010>;
P_0x643dd7f83750 .param/l "STATE_WAIT_5S" 1 2 15, C4<011>;
P_0x643dd7f83790 .param/l "sen_ref" 0 2 2, C4<0000000101011110>;
P_0x643dd7f837d0 .param/l "threshold" 0 2 1, C4<0000000001100100>;
o0x7bee19af4018 .functor BUFZ 1, C4<z>; HiZ drive
v0x643dd7facd50_0 .net "clk_16ms", 0 0, o0x7bee19af4018;  0 drivers
o0x7bee19af4048 .functor BUFZ 1, C4<z>; HiZ drive
v0x643dd7fd69a0_0 .net "enable", 0 0, o0x7bee19af4048;  0 drivers
v0x643dd7fd6a60_0 .var "fail_sen", 0 0;
v0x643dd7fd6b30_0 .var "fsm_state", 3 0;
v0x643dd7fd6c10_0 .var "next_state", 3 0;
v0x643dd7fd6cf0_0 .var "relay_out", 0 0;
v0x643dd7fd6db0_0 .var "retry_cnt", 1 0;
o0x7bee19af4168 .functor BUFZ 1, C4<z>; HiZ drive
v0x643dd7fd6e90_0 .net "rst", 0 0, o0x7bee19af4168;  0 drivers
o0x7bee19af4198 .functor BUFZ 16, C4<zzzzzzzzzzzzzzzz>; HiZ drive
v0x643dd7fd6f50_0 .net "sen", 15 0, o0x7bee19af4198;  0 drivers
v0x643dd7fd7030_0 .var "sen_diff", 15 0;
v0x643dd7fd7110_0 .var "timer", 8 0;
E_0x643dd7fbc600 .event posedge, v0x643dd7fd6e90_0, v0x643dd7facd50_0;
E_0x643dd7fbe2d0 .event anyedge, v0x643dd7fd6f50_0, v0x643dd7fd7030_0;
    .scope S_0x643dd7f834c0;
T_0 ;
    %wait E_0x643dd7fbe2d0;
    %load/vec4 v0x643dd7fd6f50_0;
    %cmpi/u 350, 0, 16;
    %flag_or 5, 4; GT is !LE
    %flag_inv 5;
    %flag_mov 8, 5;
    %jmp/0 T_0.0, 8;
    %load/vec4 v0x643dd7fd6f50_0;
    %subi 350, 0, 16;
    %jmp/1 T_0.1, 8;
T_0.0 ; End of true expr.
    %pushi/vec4 350, 0, 16;
    %load/vec4 v0x643dd7fd6f50_0;
    %sub;
    %jmp/0 T_0.1, 8;
 ; End of false expr.
    %blend;
T_0.1;
    %store/vec4 v0x643dd7fd7030_0, 0, 16;
    %pushi/vec4 100, 0, 16;
    %load/vec4 v0x643dd7fd7030_0;
    %cmp/u;
    %flag_get/vec4 5;
    %assign/vec4 v0x643dd7fd6a60_0, 0;
    %jmp T_0;
    .thread T_0, $push;
    .scope S_0x643dd7f834c0;
T_1 ;
    %wait E_0x643dd7fbc600;
    %load/vec4 v0x643dd7fd6e90_0;
    %flag_set/vec4 8;
    %jmp/0xz  T_1.0, 8;
    %pushi/vec4 0, 0, 4;
    %assign/vec4 v0x643dd7fd6b30_0, 0;
    %pushi/vec4 0, 0, 1;
    %assign/vec4 v0x643dd7fd6cf0_0, 0;
    %pushi/vec4 0, 0, 2;
    %assign/vec4 v0x643dd7fd6db0_0, 0;
    %pushi/vec4 0, 0, 9;
    %assign/vec4 v0x643dd7fd7110_0, 0;
    %jmp T_1.1;
T_1.0 ;
    %load/vec4 v0x643dd7fd69a0_0;
    %flag_set/vec4 8;
    %jmp/0xz  T_1.2, 8;
    %load/vec4 v0x643dd7fd6c10_0;
    %assign/vec4 v0x643dd7fd6b30_0, 0;
    %load/vec4 v0x643dd7fd6b30_0;
    %dup/vec4;
    %pushi/vec4 0, 0, 4;
    %cmp/u;
    %jmp/1 T_1.4, 6;
    %dup/vec4;
    %pushi/vec4 1, 0, 4;
    %cmp/u;
    %jmp/1 T_1.5, 6;
    %dup/vec4;
    %pushi/vec4 2, 0, 4;
    %cmp/u;
    %jmp/1 T_1.6, 6;
    %dup/vec4;
    %pushi/vec4 3, 0, 4;
    %cmp/u;
    %jmp/1 T_1.7, 6;
    %dup/vec4;
    %pushi/vec4 4, 0, 4;
    %cmp/u;
    %jmp/1 T_1.8, 6;
    %pushi/vec4 0, 0, 4;
    %assign/vec4 v0x643dd7fd6c10_0, 0;
    %jmp T_1.10;
T_1.4 ;
    %pushi/vec4 0, 0, 1;
    %assign/vec4 v0x643dd7fd6cf0_0, 0;
    %pushi/vec4 0, 0, 2;
    %assign/vec4 v0x643dd7fd6db0_0, 0;
    %pushi/vec4 0, 0, 9;
    %assign/vec4 v0x643dd7fd7110_0, 0;
    %jmp T_1.10;
T_1.5 ;
    %load/vec4 v0x643dd7fd6a60_0;
    %flag_set/vec4 8;
    %jmp/0xz  T_1.11, 8;
    %pushi/vec4 2, 0, 4;
    %assign/vec4 v0x643dd7fd6c10_0, 0;
    %jmp T_1.12;
T_1.11 ;
    %pushi/vec4 1, 0, 4;
    %assign/vec4 v0x643dd7fd6c10_0, 0;
T_1.12 ;
    %jmp T_1.10;
T_1.6 ;
    %pushi/vec4 1, 0, 1;
    %assign/vec4 v0x643dd7fd6cf0_0, 0;
    %pushi/vec4 3, 0, 4;
    %assign/vec4 v0x643dd7fd6c10_0, 0;
    %jmp T_1.10;
T_1.7 ;
    %load/vec4 v0x643dd7fd7110_0;
    %cmpi/u 312, 0, 9;
    %jmp/0xz  T_1.13, 5;
    %load/vec4 v0x643dd7fd7110_0;
    %addi 1, 0, 9;
    %assign/vec4 v0x643dd7fd7110_0, 0;
    %pushi/vec4 3, 0, 4;
    %assign/vec4 v0x643dd7fd6c10_0, 0;
    %jmp T_1.14;
T_1.13 ;
    %pushi/vec4 0, 0, 9;
    %assign/vec4 v0x643dd7fd7110_0, 0;
    %load/vec4 v0x643dd7fd6db0_0;
    %pad/u 3;
    %cmpi/e 3, 0, 3;
    %jmp/0xz  T_1.15, 4;
    %pushi/vec4 4, 0, 4;
    %assign/vec4 v0x643dd7fd6c10_0, 0;
    %jmp T_1.16;
T_1.15 ;
    %pushi/vec4 1, 0, 4;
    %assign/vec4 v0x643dd7fd6c10_0, 0;
T_1.16 ;
T_1.14 ;
    %jmp T_1.10;
T_1.8 ;
    %pushi/vec4 1, 0, 1;
    %assign/vec4 v0x643dd7fd6cf0_0, 0;
    %pushi/vec4 4, 0, 4;
    %assign/vec4 v0x643dd7fd6c10_0, 0;
    %jmp T_1.10;
T_1.10 ;
    %pop/vec4 1;
T_1.2 ;
T_1.1 ;
    %jmp T_1;
    .thread T_1;
# The file index is used to find the file name in the following table.
:file_names 3;
    "N/A";
    "<interactive>";
    "FSM_individual.v";
